debug 2021-10-07T19:14:47.040+0000 7f6033345700  0 setuser_match_path /var/lib/ceph/mon/ceph-a/store.db owned by 167:167. set uid:gid to 167:167 (ceph:ceph)
debug 2021-10-07T19:14:47.040+0000 7f6033345700  0 ceph version 16.2.6 (ee28fb57e47e9f88813e24bbf4c14496ca299d31) pacific (stable), process ceph-mon, pid 1
debug 2021-10-07T19:14:47.040+0000 7f6033345700  0 pidfile_write: ignore empty --pid-file
debug 2021-10-07T19:14:47.045+0000 7f6033345700  0 load: jerasure load: lrc load: isa 
debug 2021-10-07T19:14:47.046+0000 7f6033345700  4 rocksdb: RocksDB version: 6.8.1

debug 2021-10-07T19:14:47.046+0000 7f6033345700  4 rocksdb: Git sha rocksdb_build_git_sha:@0@
debug 2021-10-07T19:14:47.046+0000 7f6033345700  4 rocksdb: Compile date Sep 16 2021
debug 2021-10-07T19:14:47.046+0000 7f6033345700  4 rocksdb: DB SUMMARY

debug 2021-10-07T19:14:47.046+0000 7f6033345700  4 rocksdb: CURRENT file:  CURRENT

debug 2021-10-07T19:14:47.046+0000 7f6033345700  4 rocksdb: IDENTITY file:  IDENTITY

debug 2021-10-07T19:14:47.046+0000 7f6033345700  4 rocksdb: MANIFEST file:  MANIFEST-005323 size: 116 Bytes

debug 2021-10-07T19:14:47.046+0000 7f6033345700  4 rocksdb: SST files in /var/lib/ceph/mon/ceph-a/store.db dir, Total Num: 1, files: 005315.sst 

debug 2021-10-07T19:14:47.046+0000 7f6033345700  4 rocksdb: Write Ahead Log file in /var/lib/ceph/mon/ceph-a/store.db: 005324.log size: 0 ; 

debug 2021-10-07T19:14:47.046+0000 7f6033345700  4 rocksdb:                         Options.error_if_exists: 0
debug 2021-10-07T19:14:47.046+0000 7f6033345700  4 rocksdb:                       Options.create_if_missing: 0
debug 2021-10-07T19:14:47.046+0000 7f6033345700  4 rocksdb:                         Options.paranoid_checks: 1
debug 2021-10-07T19:14:47.046+0000 7f6033345700  4 rocksdb:                                     Options.env: 0x55b984602300
debug 2021-10-07T19:14:47.046+0000 7f6033345700  4 rocksdb:                                      Options.fs: Posix File System
debug 2021-10-07T19:14:47.046+0000 7f6033345700  4 rocksdb:                                Options.info_log: 0x55b985fa45c0
debug 2021-10-07T19:14:47.046+0000 7f6033345700  4 rocksdb:                Options.max_file_opening_threads: 16
debug 2021-10-07T19:14:47.046+0000 7f6033345700  4 rocksdb:                              Options.statistics: (nil)
debug 2021-10-07T19:14:47.046+0000 7f6033345700  4 rocksdb:                               Options.use_fsync: 0
debug 2021-10-07T19:14:47.046+0000 7f6033345700  4 rocksdb:                       Options.max_log_file_size: 0
debug 2021-10-07T19:14:47.046+0000 7f6033345700  4 rocksdb:                  Options.max_manifest_file_size: 1073741824
debug 2021-10-07T19:14:47.046+0000 7f6033345700  4 rocksdb:                   Options.log_file_time_to_roll: 0
debug 2021-10-07T19:14:47.046+0000 7f6033345700  4 rocksdb:                       Options.keep_log_file_num: 1000
debug 2021-10-07T19:14:47.046+0000 7f6033345700  4 rocksdb:                    Options.recycle_log_file_num: 0
debug 2021-10-07T19:14:47.046+0000 7f6033345700  4 rocksdb:                         Options.allow_fallocate: 1
debug 2021-10-07T19:14:47.046+0000 7f6033345700  4 rocksdb:                        Options.allow_mmap_reads: 0
debug 2021-10-07T19:14:47.046+0000 7f6033345700  4 rocksdb:                       Options.allow_mmap_writes: 0
debug 2021-10-07T19:14:47.046+0000 7f6033345700  4 rocksdb:                        Options.use_direct_reads: 0
debug 2021-10-07T19:14:47.046+0000 7f6033345700  4 rocksdb:                        Options.use_direct_io_for_flush_and_compaction: 0
debug 2021-10-07T19:14:47.046+0000 7f6033345700  4 rocksdb:          Options.create_missing_column_families: 0
debug 2021-10-07T19:14:47.046+0000 7f6033345700  4 rocksdb:                              Options.db_log_dir: 
debug 2021-10-07T19:14:47.046+0000 7f6033345700  4 rocksdb:                                 Options.wal_dir: /var/lib/ceph/mon/ceph-a/store.db
debug 2021-10-07T19:14:47.046+0000 7f6033345700  4 rocksdb:                Options.table_cache_numshardbits: 6
debug 2021-10-07T19:14:47.046+0000 7f6033345700  4 rocksdb:                      Options.max_subcompactions: 1
debug 2021-10-07T19:14:47.046+0000 7f6033345700  4 rocksdb:                  Options.max_background_flushes: -1
debug 2021-10-07T19:14:47.046+0000 7f6033345700  4 rocksdb:                         Options.WAL_ttl_seconds: 0
debug 2021-10-07T19:14:47.046+0000 7f6033345700  4 rocksdb:                       Options.WAL_size_limit_MB: 0
debug 2021-10-07T19:14:47.046+0000 7f6033345700  4 rocksdb:                        Options.max_write_batch_group_size_bytes: 1048576
debug 2021-10-07T19:14:47.046+0000 7f6033345700  4 rocksdb:             Options.manifest_preallocation_size: 4194304
debug 2021-10-07T19:14:47.046+0000 7f6033345700  4 rocksdb:                     Options.is_fd_close_on_exec: 1
debug 2021-10-07T19:14:47.046+0000 7f6033345700  4 rocksdb:                   Options.advise_random_on_open: 1
debug 2021-10-07T19:14:47.046+0000 7f6033345700  4 rocksdb:                    Options.db_write_buffer_size: 0
debug 2021-10-07T19:14:47.046+0000 7f6033345700  4 rocksdb:                    Options.write_buffer_manager: 0x55b986ca0060
debug 2021-10-07T19:14:47.046+0000 7f6033345700  4 rocksdb:         Options.access_hint_on_compaction_start: 1
debug 2021-10-07T19:14:47.046+0000 7f6033345700  4 rocksdb:  Options.new_table_reader_for_compaction_inputs: 0
debug 2021-10-07T19:14:47.046+0000 7f6033345700  4 rocksdb:           Options.random_access_max_buffer_size: 1048576
debug 2021-10-07T19:14:47.046+0000 7f6033345700  4 rocksdb:                      Options.use_adaptive_mutex: 0
debug 2021-10-07T19:14:47.046+0000 7f6033345700  4 rocksdb:                            Options.rate_limiter: (nil)
debug 2021-10-07T19:14:47.046+0000 7f6033345700  4 rocksdb:     Options.sst_file_manager.rate_bytes_per_sec: 0
debug 2021-10-07T19:14:47.046+0000 7f6033345700  4 rocksdb:                       Options.wal_recovery_mode: 2
debug 2021-10-07T19:14:47.046+0000 7f6033345700  4 rocksdb:                  Options.enable_thread_tracking: 0
debug 2021-10-07T19:14:47.046+0000 7f6033345700  4 rocksdb:                  Options.enable_pipelined_write: 0
debug 2021-10-07T19:14:47.046+0000 7f6033345700  4 rocksdb:                  Options.unordered_write: 0
debug 2021-10-07T19:14:47.046+0000 7f6033345700  4 rocksdb:         Options.allow_concurrent_memtable_write: 1
debug 2021-10-07T19:14:47.046+0000 7f6033345700  4 rocksdb:      Options.enable_write_thread_adaptive_yield: 1
debug 2021-10-07T19:14:47.046+0000 7f6033345700  4 rocksdb:             Options.write_thread_max_yield_usec: 100
debug 2021-10-07T19:14:47.046+0000 7f6033345700  4 rocksdb:            Options.write_thread_slow_yield_usec: 3
debug 2021-10-07T19:14:47.046+0000 7f6033345700  4 rocksdb:                               Options.row_cache: None
debug 2021-10-07T19:14:47.046+0000 7f6033345700  4 rocksdb:                              Options.wal_filter: None
debug 2021-10-07T19:14:47.046+0000 7f6033345700  4 rocksdb:             Options.avoid_flush_during_recovery: 0
debug 2021-10-07T19:14:47.046+0000 7f6033345700  4 rocksdb:             Options.allow_ingest_behind: 0
debug 2021-10-07T19:14:47.046+0000 7f6033345700  4 rocksdb:             Options.preserve_deletes: 0
debug 2021-10-07T19:14:47.046+0000 7f6033345700  4 rocksdb:             Options.two_write_queues: 0
debug 2021-10-07T19:14:47.046+0000 7f6033345700  4 rocksdb:             Options.manual_wal_flush: 0
debug 2021-10-07T19:14:47.046+0000 7f6033345700  4 rocksdb:             Options.atomic_flush: 0
debug 2021-10-07T19:14:47.046+0000 7f6033345700  4 rocksdb:             Options.avoid_unnecessary_blocking_io: 0
debug 2021-10-07T19:14:47.046+0000 7f6033345700  4 rocksdb:                 Options.persist_stats_to_disk: 0
debug 2021-10-07T19:14:47.046+0000 7f6033345700  4 rocksdb:                 Options.write_dbid_to_manifest: 0
debug 2021-10-07T19:14:47.046+0000 7f6033345700  4 rocksdb:                 Options.log_readahead_size: 0
debug 2021-10-07T19:14:47.046+0000 7f6033345700  4 rocksdb:                 Options.sst_file_checksum_func: Unknown
debug 2021-10-07T19:14:47.046+0000 7f6033345700  4 rocksdb:             Options.max_background_jobs: 2
debug 2021-10-07T19:14:47.046+0000 7f6033345700  4 rocksdb:             Options.max_background_compactions: -1
debug 2021-10-07T19:14:47.046+0000 7f6033345700  4 rocksdb:             Options.avoid_flush_during_shutdown: 0
debug 2021-10-07T19:14:47.046+0000 7f6033345700  4 rocksdb:           Options.writable_file_max_buffer_size: 1048576
debug 2021-10-07T19:14:47.046+0000 7f6033345700  4 rocksdb:             Options.delayed_write_rate : 16777216
debug 2021-10-07T19:14:47.046+0000 7f6033345700  4 rocksdb:             Options.max_total_wal_size: 0
debug 2021-10-07T19:14:47.046+0000 7f6033345700  4 rocksdb:             Options.delete_obsolete_files_period_micros: 21600000000
debug 2021-10-07T19:14:47.046+0000 7f6033345700  4 rocksdb:                   Options.stats_dump_period_sec: 600
debug 2021-10-07T19:14:47.046+0000 7f6033345700  4 rocksdb:                 Options.stats_persist_period_sec: 600
debug 2021-10-07T19:14:47.046+0000 7f6033345700  4 rocksdb:                 Options.stats_history_buffer_size: 1048576
debug 2021-10-07T19:14:47.046+0000 7f6033345700  4 rocksdb:                          Options.max_open_files: -1
debug 2021-10-07T19:14:47.046+0000 7f6033345700  4 rocksdb:                          Options.bytes_per_sync: 0
debug 2021-10-07T19:14:47.046+0000 7f6033345700  4 rocksdb:                      Options.wal_bytes_per_sync: 0
debug 2021-10-07T19:14:47.046+0000 7f6033345700  4 rocksdb:                   Options.strict_bytes_per_sync: 0
debug 2021-10-07T19:14:47.046+0000 7f6033345700  4 rocksdb:       Options.compaction_readahead_size: 0
debug 2021-10-07T19:14:47.046+0000 7f6033345700  4 rocksdb: Compression algorithms supported:
debug 2021-10-07T19:14:47.046+0000 7f6033345700  4 rocksdb: 	kZSTDNotFinalCompression supported: 0
debug 2021-10-07T19:14:47.046+0000 7f6033345700  4 rocksdb: 	kZSTD supported: 0
debug 2021-10-07T19:14:47.046+0000 7f6033345700  4 rocksdb: 	kXpressCompression supported: 0
debug 2021-10-07T19:14:47.046+0000 7f6033345700  4 rocksdb: 	kLZ4HCCompression supported: 1
debug 2021-10-07T19:14:47.046+0000 7f6033345700  4 rocksdb: 	kLZ4Compression supported: 1
debug 2021-10-07T19:14:47.046+0000 7f6033345700  4 rocksdb: 	kBZip2Compression supported: 0
debug 2021-10-07T19:14:47.046+0000 7f6033345700  4 rocksdb: 	kZlibCompression supported: 1
debug 2021-10-07T19:14:47.046+0000 7f6033345700  4 rocksdb: 	kSnappyCompression supported: 1
debug 2021-10-07T19:14:47.046+0000 7f6033345700  4 rocksdb: Fast CRC32 supported: Supported on x86
debug 2021-10-07T19:14:47.046+0000 7f6033345700  4 rocksdb: [version_set.cc:4413] Recovering from manifest file: /var/lib/ceph/mon/ceph-a/store.db/MANIFEST-005323

debug 2021-10-07T19:14:47.046+0000 7f6033345700  4 rocksdb: [column_family.cc:552] --------------- Options for column family [default]:

debug 2021-10-07T19:14:47.046+0000 7f6033345700  4 rocksdb:               Options.comparator: leveldb.BytewiseComparator
debug 2021-10-07T19:14:47.046+0000 7f6033345700  4 rocksdb:           Options.merge_operator: 
debug 2021-10-07T19:14:47.046+0000 7f6033345700  4 rocksdb:        Options.compaction_filter: None
debug 2021-10-07T19:14:47.046+0000 7f6033345700  4 rocksdb:        Options.compaction_filter_factory: None
debug 2021-10-07T19:14:47.046+0000 7f6033345700  4 rocksdb:         Options.memtable_factory: SkipListFactory
debug 2021-10-07T19:14:47.046+0000 7f6033345700  4 rocksdb:            Options.table_factory: BlockBasedTable
debug 2021-10-07T19:14:47.046+0000 7f6033345700  4 rocksdb:            table_factory options:   flush_block_policy_factory: FlushBlockBySizePolicyFactory (0x55b985f42190)
  cache_index_and_filter_blocks: 1
  cache_index_and_filter_blocks_with_high_priority: 0
  pin_l0_filter_and_index_blocks_in_cache: 0
  pin_top_level_index_and_filter: 1
  index_type: 0
  data_block_index_type: 0
  index_shortening: 1
  data_block_hash_table_util_ratio: 0.750000
  hash_index_allow_collision: 1
  checksum: 1
  no_block_cache: 0
  block_cache: 0x55b985f7d010
  block_cache_name: BinnedLRUCache
  block_cache_options:
    capacity : 536870912
    num_shard_bits : 4
    strict_capacity_limit : 0
    high_pri_pool_ratio: 0.000
  block_cache_compressed: (nil)
  persistent_cache: (nil)
  block_size: 4096
  block_size_deviation: 10
  block_restart_interval: 16
  index_block_restart_interval: 1
  metadata_block_size: 4096
  partition_filters: 0
  use_delta_encoding: 1
  filter_policy: rocksdb.BuiltinBloomFilter
  whole_key_filtering: 1
  verify_compression: 0
  read_amp_bytes_per_bit: 0
  format_version: 2
  enable_index_compression: 1
  block_align: 0

debug 2021-10-07T19:14:47.046+0000 7f6033345700  4 rocksdb:        Options.write_buffer_size: 33554432
debug 2021-10-07T19:14:47.046+0000 7f6033345700  4 rocksdb:  Options.max_write_buffer_number: 2
debug 2021-10-07T19:14:47.046+0000 7f6033345700  4 rocksdb:          Options.compression: NoCompression
debug 2021-10-07T19:14:47.046+0000 7f6033345700  4 rocksdb:                  Options.bottommost_compression: Disabled
debug 2021-10-07T19:14:47.046+0000 7f6033345700  4 rocksdb:       Options.prefix_extractor: nullptr
debug 2021-10-07T19:14:47.046+0000 7f6033345700  4 rocksdb:   Options.memtable_insert_with_hint_prefix_extractor: nullptr
debug 2021-10-07T19:14:47.046+0000 7f6033345700  4 rocksdb:             Options.num_levels: 7
debug 2021-10-07T19:14:47.046+0000 7f6033345700  4 rocksdb:        Options.min_write_buffer_number_to_merge: 1
debug 2021-10-07T19:14:47.046+0000 7f6033345700  4 rocksdb:     Options.max_write_buffer_number_to_maintain: 0
debug 2021-10-07T19:14:47.046+0000 7f6033345700  4 rocksdb:     Options.max_write_buffer_size_to_maintain: 0
debug 2021-10-07T19:14:47.046+0000 7f6033345700  4 rocksdb:            Options.bottommost_compression_opts.window_bits: -14
debug 2021-10-07T19:14:47.046+0000 7f6033345700  4 rocksdb:                  Options.bottommost_compression_opts.level: 32767
debug 2021-10-07T19:14:47.046+0000 7f6033345700  4 rocksdb:               Options.bottommost_compression_opts.strategy: 0
debug 2021-10-07T19:14:47.046+0000 7f6033345700  4 rocksdb:         Options.bottommost_compression_opts.max_dict_bytes: 0
debug 2021-10-07T19:14:47.046+0000 7f6033345700  4 rocksdb:         Options.bottommost_compression_opts.zstd_max_train_bytes: 0
debug 2021-10-07T19:14:47.046+0000 7f6033345700  4 rocksdb:                  Options.bottommost_compression_opts.enabled: false
debug 2021-10-07T19:14:47.046+0000 7f6033345700  4 rocksdb:            Options.compression_opts.window_bits: -14
debug 2021-10-07T19:14:47.046+0000 7f6033345700  4 rocksdb:                  Options.compression_opts.level: 32767
debug 2021-10-07T19:14:47.046+0000 7f6033345700  4 rocksdb:               Options.compression_opts.strategy: 0
debug 2021-10-07T19:14:47.046+0000 7f6033345700  4 rocksdb:         Options.compression_opts.max_dict_bytes: 0
debug 2021-10-07T19:14:47.046+0000 7f6033345700  4 rocksdb:         Options.compression_opts.zstd_max_train_bytes: 0
debug 2021-10-07T19:14:47.046+0000 7f6033345700  4 rocksdb:                  Options.compression_opts.enabled: false
debug 2021-10-07T19:14:47.046+0000 7f6033345700  4 rocksdb:      Options.level0_file_num_compaction_trigger: 4
debug 2021-10-07T19:14:47.046+0000 7f6033345700  4 rocksdb:          Options.level0_slowdown_writes_trigger: 20
debug 2021-10-07T19:14:47.046+0000 7f6033345700  4 rocksdb:              Options.level0_stop_writes_trigger: 36
debug 2021-10-07T19:14:47.046+0000 7f6033345700  4 rocksdb:                   Options.target_file_size_base: 67108864
debug 2021-10-07T19:14:47.046+0000 7f6033345700  4 rocksdb:             Options.target_file_size_multiplier: 1
debug 2021-10-07T19:14:47.046+0000 7f6033345700  4 rocksdb:                Options.max_bytes_for_level_base: 268435456
debug 2021-10-07T19:14:47.046+0000 7f6033345700  4 rocksdb: Options.level_compaction_dynamic_level_bytes: 1
debug 2021-10-07T19:14:47.046+0000 7f6033345700  4 rocksdb:          Options.max_bytes_for_level_multiplier: 10.000000
debug 2021-10-07T19:14:47.046+0000 7f6033345700  4 rocksdb: Options.max_bytes_for_level_multiplier_addtl[0]: 1
debug 2021-10-07T19:14:47.046+0000 7f6033345700  4 rocksdb: Options.max_bytes_for_level_multiplier_addtl[1]: 1
debug 2021-10-07T19:14:47.046+0000 7f6033345700  4 rocksdb: Options.max_bytes_for_level_multiplier_addtl[2]: 1
debug 2021-10-07T19:14:47.046+0000 7f6033345700  4 rocksdb: Options.max_bytes_for_level_multiplier_addtl[3]: 1
debug 2021-10-07T19:14:47.046+0000 7f6033345700  4 rocksdb: Options.max_bytes_for_level_multiplier_addtl[4]: 1
debug 2021-10-07T19:14:47.046+0000 7f6033345700  4 rocksdb: Options.max_bytes_for_level_multiplier_addtl[5]: 1
debug 2021-10-07T19:14:47.046+0000 7f6033345700  4 rocksdb: Options.max_bytes_for_level_multiplier_addtl[6]: 1
debug 2021-10-07T19:14:47.046+0000 7f6033345700  4 rocksdb:       Options.max_sequential_skip_in_iterations: 8
debug 2021-10-07T19:14:47.046+0000 7f6033345700  4 rocksdb:                    Options.max_compaction_bytes: 1677721600
debug 2021-10-07T19:14:47.046+0000 7f6033345700  4 rocksdb:                        Options.arena_block_size: 4194304
debug 2021-10-07T19:14:47.046+0000 7f6033345700  4 rocksdb:   Options.soft_pending_compaction_bytes_limit: 68719476736
debug 2021-10-07T19:14:47.046+0000 7f6033345700  4 rocksdb:   Options.hard_pending_compaction_bytes_limit: 274877906944
debug 2021-10-07T19:14:47.046+0000 7f6033345700  4 rocksdb:       Options.rate_limit_delay_max_milliseconds: 100
debug 2021-10-07T19:14:47.046+0000 7f6033345700  4 rocksdb:                Options.disable_auto_compactions: 0
debug 2021-10-07T19:14:47.046+0000 7f6033345700  4 rocksdb:                        Options.compaction_style: kCompactionStyleLevel
debug 2021-10-07T19:14:47.046+0000 7f6033345700  4 rocksdb:                          Options.compaction_pri: kMinOverlappingRatio
debug 2021-10-07T19:14:47.046+0000 7f6033345700  4 rocksdb: Options.compaction_options_universal.size_ratio: 1
debug 2021-10-07T19:14:47.046+0000 7f6033345700  4 rocksdb: Options.compaction_options_universal.min_merge_width: 2
debug 2021-10-07T19:14:47.046+0000 7f6033345700  4 rocksdb: Options.compaction_options_universal.max_merge_width: 4294967295
debug 2021-10-07T19:14:47.046+0000 7f6033345700  4 rocksdb: Options.compaction_options_universal.max_size_amplification_percent: 200
debug 2021-10-07T19:14:47.046+0000 7f6033345700  4 rocksdb: Options.compaction_options_universal.compression_size_percent: -1
debug 2021-10-07T19:14:47.046+0000 7f6033345700  4 rocksdb: Options.compaction_options_universal.stop_style: kCompactionStopStyleTotalSize
debug 2021-10-07T19:14:47.046+0000 7f6033345700  4 rocksdb: Options.compaction_options_fifo.max_table_files_size: 1073741824
debug 2021-10-07T19:14:47.046+0000 7f6033345700  4 rocksdb: Options.compaction_options_fifo.allow_compaction: 0
debug 2021-10-07T19:14:47.046+0000 7f6033345700  4 rocksdb:                   Options.table_properties_collectors: 
debug 2021-10-07T19:14:47.046+0000 7f6033345700  4 rocksdb:                   Options.inplace_update_support: 0
debug 2021-10-07T19:14:47.046+0000 7f6033345700  4 rocksdb:                 Options.inplace_update_num_locks: 10000
debug 2021-10-07T19:14:47.046+0000 7f6033345700  4 rocksdb:               Options.memtable_prefix_bloom_size_ratio: 0.000000
debug 2021-10-07T19:14:47.046+0000 7f6033345700  4 rocksdb:               Options.memtable_whole_key_filtering: 0
debug 2021-10-07T19:14:47.046+0000 7f6033345700  4 rocksdb:   Options.memtable_huge_page_size: 0
debug 2021-10-07T19:14:47.046+0000 7f6033345700  4 rocksdb:                           Options.bloom_locality: 0
debug 2021-10-07T19:14:47.046+0000 7f6033345700  4 rocksdb:                    Options.max_successive_merges: 0
debug 2021-10-07T19:14:47.046+0000 7f6033345700  4 rocksdb:                Options.optimize_filters_for_hits: 0
debug 2021-10-07T19:14:47.046+0000 7f6033345700  4 rocksdb:                Options.paranoid_file_checks: 0
debug 2021-10-07T19:14:47.046+0000 7f6033345700  4 rocksdb:                Options.force_consistency_checks: 0
debug 2021-10-07T19:14:47.046+0000 7f6033345700  4 rocksdb:                Options.report_bg_io_stats: 0
debug 2021-10-07T19:14:47.046+0000 7f6033345700  4 rocksdb:                               Options.ttl: 2592000
debug 2021-10-07T19:14:47.046+0000 7f6033345700  4 rocksdb:          Options.periodic_compaction_seconds: 0
debug 2021-10-07T19:14:47.047+0000 7f6033345700  4 rocksdb: [version_set.cc:3291] More existing levels in DB than needed. max_bytes_for_level_multiplier may not be guaranteed.
debug 2021-10-07T19:14:47.047+0000 7f6033345700  4 rocksdb: [version_set.cc:4568] Recovered from manifest file:/var/lib/ceph/mon/ceph-a/store.db/MANIFEST-005323 succeeded,manifest_file_number is 5323, next_file_number is 5325, last_sequence is 3181316, log_number is 5322,prev_log_number is 0,max_column_family is 0,min_log_number_to_keep is 0

debug 2021-10-07T19:14:47.047+0000 7f6033345700  4 rocksdb: [version_set.cc:4577] Column family [default] (ID 0), log number is 5322

debug 2021-10-07T19:14:47.047+0000 7f6033345700  4 rocksdb: EVENT_LOG_v1 {"time_micros": 1633634087048639, "job": 1, "event": "recovery_started", "log_files": [5324]}
debug 2021-10-07T19:14:47.047+0000 7f6033345700  4 rocksdb: [db_impl/db_impl_open.cc:760] Recovering log #5324 mode 2
debug 2021-10-07T19:14:47.047+0000 7f6033345700  4 rocksdb: [version_set.cc:3826] Creating manifest 5326

debug 2021-10-07T19:14:47.047+0000 7f6033345700  4 rocksdb: [version_set.cc:3291] More existing levels in DB than needed. max_bytes_for_level_multiplier may not be guaranteed.
debug 2021-10-07T19:14:47.055+0000 7f6033345700  4 rocksdb: EVENT_LOG_v1 {"time_micros": 1633634087056154, "job": 1, "event": "recovery_finished"}
debug 2021-10-07T19:14:47.062+0000 7f6033345700  4 rocksdb: DB pointer 0x55b986045800
debug 2021-10-07T19:14:47.062+0000 7f601a38b700  4 rocksdb: [db_impl/db_impl.cc:850] ------- DUMPING STATS -------
debug 2021-10-07T19:14:47.062+0000 7f601a38b700  4 rocksdb: [db_impl/db_impl.cc:851] 
** DB Stats **
Uptime(secs): 0.0 total, 0.0 interval
Cumulative writes: 0 writes, 0 keys, 0 commit groups, 0.0 writes per commit group, ingest: 0.00 GB, 0.00 MB/s
Cumulative WAL: 0 writes, 0 syncs, 0.00 writes per sync, written: 0.00 GB, 0.00 MB/s
Cumulative stall: 00:00:0.000 H:M:S, 0.0 percent
Interval writes: 0 writes, 0 keys, 0 commit groups, 0.0 writes per commit group, ingest: 0.00 MB, 0.00 MB/s
Interval WAL: 0 writes, 0 syncs, 0.00 writes per sync, written: 0.00 MB, 0.00 MB/s
Interval stall: 00:00:0.000 H:M:S, 0.0 percent

** Compaction Stats [default] **
Level    Files   Size     Score Read(GB)  Rn(GB) Rnp1(GB) Write(GB) Wnew(GB) Moved(GB) W-Amp Rd(MB/s) Wr(MB/s) Comp(sec) CompMergeCPU(sec) Comp(cnt) Avg(sec) KeyIn KeyDrop
----------------------------------------------------------------------------------------------------------------------------------------------------------------------------
  L6      1/0   14.92 MB   0.0      0.0     0.0      0.0       0.0      0.0       0.0   0.0      0.0      0.0      0.00              0.00         0    0.000       0      0
 Sum      1/0   14.92 MB   0.0      0.0     0.0      0.0       0.0      0.0       0.0   0.0      0.0      0.0      0.00              0.00         0    0.000       0      0
 Int      0/0    0.00 KB   0.0      0.0     0.0      0.0       0.0      0.0       0.0   0.0      0.0      0.0      0.00              0.00         0    0.000       0      0

** Compaction Stats [default] **
Priority    Files   Size     Score Read(GB)  Rn(GB) Rnp1(GB) Write(GB) Wnew(GB) Moved(GB) W-Amp Rd(MB/s) Wr(MB/s) Comp(sec) CompMergeCPU(sec) Comp(cnt) Avg(sec) KeyIn KeyDrop
-------------------------------------------------------------------------------------------------------------------------------------------------------------------------------
Uptime(secs): 0.0 total, 0.0 interval
Flush(GB): cumulative 0.000, interval 0.000
AddFile(GB): cumulative 0.000, interval 0.000
AddFile(Total Files): cumulative 0, interval 0
AddFile(L0 Files): cumulative 0, interval 0
AddFile(Keys): cumulative 0, interval 0
Cumulative compaction: 0.00 GB write, 0.00 MB/s write, 0.00 GB read, 0.00 MB/s read, 0.0 seconds
Interval compaction: 0.00 GB write, 0.00 MB/s write, 0.00 GB read, 0.00 MB/s read, 0.0 seconds
Stalls(count): 0 level0_slowdown, 0 level0_slowdown_with_compaction, 0 level0_numfiles, 0 level0_numfiles_with_compaction, 0 stop for pending_compaction_bytes, 0 slowdown for pending_compaction_bytes, 0 memtable_compaction, 0 memtable_slowdown, interval 0 total count

** File Read Latency Histogram By Level [default] **

** Compaction Stats [default] **
Level    Files   Size     Score Read(GB)  Rn(GB) Rnp1(GB) Write(GB) Wnew(GB) Moved(GB) W-Amp Rd(MB/s) Wr(MB/s) Comp(sec) CompMergeCPU(sec) Comp(cnt) Avg(sec) KeyIn KeyDrop
----------------------------------------------------------------------------------------------------------------------------------------------------------------------------
  L6      1/0   14.92 MB   0.0      0.0     0.0      0.0       0.0      0.0       0.0   0.0      0.0      0.0      0.00              0.00         0    0.000       0      0
 Sum      1/0   14.92 MB   0.0      0.0     0.0      0.0       0.0      0.0       0.0   0.0      0.0      0.0      0.00              0.00         0    0.000       0      0
 Int      0/0    0.00 KB   0.0      0.0     0.0      0.0       0.0      0.0       0.0   0.0      0.0      0.0      0.00              0.00         0    0.000       0      0

** Compaction Stats [default] **
Priority    Files   Size     Score Read(GB)  Rn(GB) Rnp1(GB) Write(GB) Wnew(GB) Moved(GB) W-Amp Rd(MB/s) Wr(MB/s) Comp(sec) CompMergeCPU(sec) Comp(cnt) Avg(sec) KeyIn KeyDrop
-------------------------------------------------------------------------------------------------------------------------------------------------------------------------------
Uptime(secs): 0.0 total, 0.0 interval
Flush(GB): cumulative 0.000, interval 0.000
AddFile(GB): cumulative 0.000, interval 0.000
AddFile(Total Files): cumulative 0, interval 0
AddFile(L0 Files): cumulative 0, interval 0
AddFile(Keys): cumulative 0, interval 0
Cumulative compaction: 0.00 GB write, 0.00 MB/s write, 0.00 GB read, 0.00 MB/s read, 0.0 seconds
Interval compaction: 0.00 GB write, 0.00 MB/s write, 0.00 GB read, 0.00 MB/s read, 0.0 seconds
Stalls(count): 0 level0_slowdown, 0 level0_slowdown_with_compaction, 0 level0_numfiles, 0 level0_numfiles_with_compaction, 0 stop for pending_compaction_bytes, 0 slowdown for pending_compaction_bytes, 0 memtable_compaction, 0 memtable_slowdown, interval 0 total count

** File Read Latency Histogram By Level [default] **

debug 2021-10-07T19:14:47.063+0000 7f6033345700  0 starting mon.a rank 0 at public addrs [v2:172.30.90.254:3300/0,v1:172.30.90.254:6789/0] at bind addrs [v2:10.128.1.233:3300/0,v1:10.128.1.233:6789/0] mon_data /var/lib/ceph/mon/ceph-a fsid 42a2644d-3014-4500-a5b6-b315315a08e3
debug 2021-10-07T19:14:47.064+0000 7f6033345700  1 mon.a@-1(???) e1 preinit fsid 42a2644d-3014-4500-a5b6-b315315a08e3
debug 2021-10-07T19:14:47.064+0000 7f6033345700  0 mon.a@-1(???).mds e185 new map
debug 2021-10-07T19:14:47.064+0000 7f6033345700  0 mon.a@-1(???).mds e185 print_map
e185
enable_multiple, ever_enabled_multiple: 1,1
default compat: compat={},rocompat={},incompat={1=base v0.20,2=client writeable ranges,3=default file layouts on dirs,4=dir inode in separate object,5=mds uses versioned encoding,6=dirfrag is stored in omap,8=no anchor table,9=file layout v2,10=snaprealm v2}
legacy client fscid: 1
 
Filesystem 'fs' (1)
fs_name	fs
epoch	184
flags	33
created	2021-09-22T19:13:35.855478+0000
modified	2021-09-22T19:28:39.511744+0000
tableserver	0
root	0
session_timeout	60
session_autoclose	300
max_file_size	1099511627776
required_client_features	{}
last_failure	0
last_failure_osd_epoch	23
compat	compat={},rocompat={},incompat={1=base v0.20,2=client writeable ranges,3=default file layouts on dirs,4=dir inode in separate object,5=mds uses versioned encoding,6=dirfrag is stored in omap,7=mds uses inline data,8=no anchor table,9=file layout v2,10=snaprealm v2}
max_mds	1
in	
up	{}
failed	
damaged	
stopped	
data_pools	[2]
metadata_pool	1
inline_data	disabled
balancer	
standby_count_wanted	0
 
 

debug 2021-10-07T19:14:47.064+0000 7f6033345700  0 mon.a@-1(???).osd e30 crush map has features 3314933000852226048, adjusting msgr requires
debug 2021-10-07T19:14:47.064+0000 7f6033345700  0 mon.a@-1(???).osd e30 crush map has features 288514051259236352, adjusting msgr requires
debug 2021-10-07T19:14:47.064+0000 7f6033345700  0 mon.a@-1(???).osd e30 crush map has features 288514051259236352, adjusting msgr requires
debug 2021-10-07T19:14:47.064+0000 7f6033345700  0 mon.a@-1(???).osd e30 crush map has features 288514051259236352, adjusting msgr requires
audit 2021-10-07T19:10:32.023586+0000 mon.a (mon.0) 48 : audit [DBG] from='admin socket' entity='admin socket' cmd='mon_status' args=[]: dispatch
audit 2021-10-07T19:10:32.023690+0000 mon.a (mon.0) 49 : audit [DBG] from='admin socket' entity='admin socket' cmd=mon_status args=[]: finished
debug 2021-10-07T19:14:47.065+0000 7f6033345700  1 mon.a@-1(???).paxosservice(auth 251..344) refresh upgraded, format 0 -> 3
debug 2021-10-07T19:14:47.068+0000 7f6033345700  0 mon.a@-1(probing) e1  my rank is now 0 (was -1)
debug 2021-10-07T19:14:47.068+0000 7f6033345700  1 mon.a@0(probing) e1 win_standalone_election
debug 2021-10-07T19:14:47.068+0000 7f6033345700  1 paxos.0).electionLogic(51) init, last seen epoch 51, mid-election, bumping
debug 2021-10-07T19:14:47.083+0000 7f6033345700  1 mon.a@0(electing) e1 collect_metadata sda:  no unique device id for sda: fallback method has model 'SK hynix SH920 2' but no serial'
debug 2021-10-07T19:14:47.083+0000 7f6033345700  0 log_channel(cluster) log [INF] : mon.a is new leader, mons a in quorum (ranks 0)
debug 2021-10-07T19:14:47.083+0000 7f6033345700  0 log_channel(cluster) log [DBG] : monmap e1: 1 mons at {a=[v2:172.30.90.254:3300/0,v1:172.30.90.254:6789/0]}
debug 2021-10-07T19:14:47.083+0000 7f6033345700  0 log_channel(cluster) log [DBG] : fsmap fs:0
debug 2021-10-07T19:14:47.083+0000 7f6033345700  0 log_channel(cluster) log [DBG] : osdmap e30: 0 total, 0 up, 0 in
debug 2021-10-07T19:14:47.089+0000 7f6033345700  0 log_channel(cluster) log [DBG] : mgrmap e24: no daemons active (since 2w)
cluster 2021-10-07T19:14:47.084222+0000 mon.a (mon.0) 1 : cluster [INF] mon.a is new leader, mons a in quorum (ranks 0)
cluster 2021-10-07T19:14:47.084266+0000 mon.a (mon.0) 2 : cluster [DBG] monmap e1: 1 mons at {a=[v2:172.30.90.254:3300/0,v1:172.30.90.254:6789/0]}
cluster 2021-10-07T19:14:47.084319+0000 mon.a (mon.0) 3 : cluster [DBG] fsmap fs:0
cluster 2021-10-07T19:14:47.084341+0000 mon.a (mon.0) 4 : cluster [DBG] osdmap e30: 0 total, 0 up, 0 in
cluster 2021-10-07T19:14:47.090558+0000 mon.a (mon.0) 5 : cluster [DBG] mgrmap e24: no daemons active (since 2w)
debug 2021-10-07T19:15:02.645+0000 7f602441c700  0 log_channel(audit) log [DBG] : from='admin socket' entity='admin socket' cmd='mon_status' args=[]: dispatch
debug 2021-10-07T19:15:02.645+0000 7f602441c700  0 log_channel(audit) log [DBG] : from='admin socket' entity='admin socket' cmd=mon_status args=[]: finished
audit 2021-10-07T19:15:02.646157+0000 mon.a (mon.0) 6 : audit [DBG] from='admin socket' entity='admin socket' cmd='mon_status' args=[]: dispatch
audit 2021-10-07T19:15:02.646248+0000 mon.a (mon.0) 7 : audit [DBG] from='admin socket' entity='admin socket' cmd=mon_status args=[]: finished
debug 2021-10-07T19:15:12.642+0000 7f602441c700  0 log_channel(audit) log [DBG] : from='admin socket' entity='admin socket' cmd='mon_status' args=[]: dispatch
debug 2021-10-07T19:15:12.642+0000 7f602441c700  0 log_channel(audit) log [DBG] : from='admin socket' entity='admin socket' cmd=mon_status args=[]: finished
audit 2021-10-07T19:15:12.643681+0000 mon.a (mon.0) 8 : audit [DBG] from='admin socket' entity='admin socket' cmd='mon_status' args=[]: dispatch
audit 2021-10-07T19:15:12.643814+0000 mon.a (mon.0) 9 : audit [DBG] from='admin socket' entity='admin socket' cmd=mon_status args=[]: finished
debug 2021-10-07T19:15:22.638+0000 7f602441c700  0 log_channel(audit) log [DBG] : from='admin socket' entity='admin socket' cmd='mon_status' args=[]: dispatch
debug 2021-10-07T19:15:22.638+0000 7f602441c700  0 log_channel(audit) log [DBG] : from='admin socket' entity='admin socket' cmd=mon_status args=[]: finished
audit 2021-10-07T19:15:22.639804+0000 mon.a (mon.0) 10 : audit [DBG] from='admin socket' entity='admin socket' cmd='mon_status' args=[]: dispatch
audit 2021-10-07T19:15:22.639891+0000 mon.a (mon.0) 11 : audit [DBG] from='admin socket' entity='admin socket' cmd=mon_status args=[]: finished
debug 2021-10-07T19:15:32.661+0000 7f602441c700  0 log_channel(audit) log [DBG] : from='admin socket' entity='admin socket' cmd='mon_status' args=[]: dispatch
debug 2021-10-07T19:15:32.661+0000 7f602441c700  0 log_channel(audit) log [DBG] : from='admin socket' entity='admin socket' cmd=mon_status args=[]: finished
audit 2021-10-07T19:15:32.662752+0000 mon.a (mon.0) 12 : audit [DBG] from='admin socket' entity='admin socket' cmd='mon_status' args=[]: dispatch
audit 2021-10-07T19:15:32.662878+0000 mon.a (mon.0) 13 : audit [DBG] from='admin socket' entity='admin socket' cmd=mon_status args=[]: finished
debug 2021-10-07T19:15:42.648+0000 7f602441c700  0 log_channel(audit) log [DBG] : from='admin socket' entity='admin socket' cmd='mon_status' args=[]: dispatch
debug 2021-10-07T19:15:42.648+0000 7f602441c700  0 log_channel(audit) log [DBG] : from='admin socket' entity='admin socket' cmd=mon_status args=[]: finished
audit 2021-10-07T19:15:42.649612+0000 mon.a (mon.0) 14 : audit [DBG] from='admin socket' entity='admin socket' cmd='mon_status' args=[]: dispatch
audit 2021-10-07T19:15:42.649722+0000 mon.a (mon.0) 15 : audit [DBG] from='admin socket' entity='admin socket' cmd=mon_status args=[]: finished
debug 2021-10-07T19:15:52.665+0000 7f602441c700  0 log_channel(audit) log [DBG] : from='admin socket' entity='admin socket' cmd='mon_status' args=[]: dispatch
debug 2021-10-07T19:15:52.665+0000 7f602441c700  0 log_channel(audit) log [DBG] : from='admin socket' entity='admin socket' cmd=mon_status args=[]: finished
audit 2021-10-07T19:15:52.666838+0000 mon.a (mon.0) 16 : audit [DBG] from='admin socket' entity='admin socket' cmd='mon_status' args=[]: dispatch
audit 2021-10-07T19:15:52.666947+0000 mon.a (mon.0) 17 : audit [DBG] from='admin socket' entity='admin socket' cmd=mon_status args=[]: finished
debug 2021-10-07T19:16:02.650+0000 7f602441c700  0 log_channel(audit) log [DBG] : from='admin socket' entity='admin socket' cmd='mon_status' args=[]: dispatch
debug 2021-10-07T19:16:02.650+0000 7f602441c700  0 log_channel(audit) log [DBG] : from='admin socket' entity='admin socket' cmd=mon_status args=[]: finished
audit 2021-10-07T19:16:02.650499+0000 mon.a (mon.0) 18 : audit [DBG] from='admin socket' entity='admin socket' cmd='mon_status' args=[]: dispatch
audit 2021-10-07T19:16:02.650596+0000 mon.a (mon.0) 19 : audit [DBG] from='admin socket' entity='admin socket' cmd=mon_status args=[]: finished
debug 2021-10-07T19:16:12.641+0000 7f602441c700  0 log_channel(audit) log [DBG] : from='admin socket' entity='admin socket' cmd='mon_status' args=[]: dispatch
debug 2021-10-07T19:16:12.641+0000 7f602441c700  0 log_channel(audit) log [DBG] : from='admin socket' entity='admin socket' cmd=mon_status args=[]: finished
audit 2021-10-07T19:16:12.642925+0000 mon.a (mon.0) 20 : audit [DBG] from='admin socket' entity='admin socket' cmd='mon_status' args=[]: dispatch
audit 2021-10-07T19:16:12.643011+0000 mon.a (mon.0) 21 : audit [DBG] from='admin socket' entity='admin socket' cmd=mon_status args=[]: finished
debug 2021-10-07T19:16:22.637+0000 7f602441c700  0 log_channel(audit) log [DBG] : from='admin socket' entity='admin socket' cmd='mon_status' args=[]: dispatch
debug 2021-10-07T19:16:22.637+0000 7f602441c700  0 log_channel(audit) log [DBG] : from='admin socket' entity='admin socket' cmd=mon_status args=[]: finished
audit 2021-10-07T19:16:22.638617+0000 mon.a (mon.0) 22 : audit [DBG] from='admin socket' entity='admin socket' cmd='mon_status' args=[]: dispatch
audit 2021-10-07T19:16:22.638707+0000 mon.a (mon.0) 23 : audit [DBG] from='admin socket' entity='admin socket' cmd=mon_status args=[]: finished
debug 2021-10-07T19:16:32.656+0000 7f602441c700  0 log_channel(audit) log [DBG] : from='admin socket' entity='admin socket' cmd='mon_status' args=[]: dispatch
debug 2021-10-07T19:16:32.656+0000 7f602441c700  0 log_channel(audit) log [DBG] : from='admin socket' entity='admin socket' cmd=mon_status args=[]: finished
audit 2021-10-07T19:16:32.657175+0000 mon.a (mon.0) 24 : audit [DBG] from='admin socket' entity='admin socket' cmd='mon_status' args=[]: dispatch
audit 2021-10-07T19:16:32.657271+0000 mon.a (mon.0) 25 : audit [DBG] from='admin socket' entity='admin socket' cmd=mon_status args=[]: finished
debug 2021-10-07T19:16:42.655+0000 7f602441c700  0 log_channel(audit) log [DBG] : from='admin socket' entity='admin socket' cmd='mon_status' args=[]: dispatch
debug 2021-10-07T19:16:42.655+0000 7f602441c700  0 log_channel(audit) log [DBG] : from='admin socket' entity='admin socket' cmd=mon_status args=[]: finished
audit 2021-10-07T19:16:42.655246+0000 mon.a (mon.0) 26 : audit [DBG] from='admin socket' entity='admin socket' cmd='mon_status' args=[]: dispatch
audit 2021-10-07T19:16:42.655392+0000 mon.a (mon.0) 27 : audit [DBG] from='admin socket' entity='admin socket' cmd=mon_status args=[]: finished
debug 2021-10-07T19:16:52.644+0000 7f602441c700  0 log_channel(audit) log [DBG] : from='admin socket' entity='admin socket' cmd='mon_status' args=[]: dispatch
debug 2021-10-07T19:16:52.644+0000 7f602441c700  0 log_channel(audit) log [DBG] : from='admin socket' entity='admin socket' cmd=mon_status args=[]: finished
audit 2021-10-07T19:16:52.645286+0000 mon.a (mon.0) 28 : audit [DBG] from='admin socket' entity='admin socket' cmd='mon_status' args=[]: dispatch
audit 2021-10-07T19:16:52.645381+0000 mon.a (mon.0) 29 : audit [DBG] from='admin socket' entity='admin socket' cmd=mon_status args=[]: finished
debug 2021-10-07T19:17:02.644+0000 7f602441c700  0 log_channel(audit) log [DBG] : from='admin socket' entity='admin socket' cmd='mon_status' args=[]: dispatch
debug 2021-10-07T19:17:02.644+0000 7f602441c700  0 log_channel(audit) log [DBG] : from='admin socket' entity='admin socket' cmd=mon_status args=[]: finished
audit 2021-10-07T19:17:02.645625+0000 mon.a (mon.0) 30 : audit [DBG] from='admin socket' entity='admin socket' cmd='mon_status' args=[]: dispatch
audit 2021-10-07T19:17:02.645734+0000 mon.a (mon.0) 31 : audit [DBG] from='admin socket' entity='admin socket' cmd=mon_status args=[]: finished
debug 2021-10-07T19:17:12.644+0000 7f602441c700  0 log_channel(audit) log [DBG] : from='admin socket' entity='admin socket' cmd='mon_status' args=[]: dispatch
debug 2021-10-07T19:17:12.644+0000 7f602441c700  0 log_channel(audit) log [DBG] : from='admin socket' entity='admin socket' cmd=mon_status args=[]: finished
audit 2021-10-07T19:17:12.645683+0000 mon.a (mon.0) 32 : audit [DBG] from='admin socket' entity='admin socket' cmd='mon_status' args=[]: dispatch
audit 2021-10-07T19:17:12.645769+0000 mon.a (mon.0) 33 : audit [DBG] from='admin socket' entity='admin socket' cmd=mon_status args=[]: finished
